17.08.2022 09:04:01	This log contains information about the import schema operation into project 'DataBaseScript' on computer 'COMP144' by user 'leticijah'.
17.08.2022 09:04:01	Import of database schema has started.
17.08.2022 09:04:04	Gathering error messages
17.08.2022 09:04:04	Gathering cryptographic providers
17.08.2022 09:04:04	Gathering credentials
17.08.2022 09:04:04	Gathering logins
17.08.2022 09:04:04	Gathering server roles
17.08.2022 09:04:04	Gathering server role memberships
17.08.2022 09:04:04	Gathering linked servers
17.08.2022 09:04:04	Gathering linked server logins
17.08.2022 09:04:04	Gathering routes
17.08.2022 09:04:05	Gathering ddl triggers
17.08.2022 09:04:05	Gathering encrypted and clr ddl triggers
17.08.2022 09:04:05	Gathering event notifications
17.08.2022 09:04:05	Gathering server audits
17.08.2022 09:04:05	Gathering server audit specifications
17.08.2022 09:04:05	Gathering event notifications
17.08.2022 09:04:10	Gathering database credentials
17.08.2022 09:04:10	Gathering database options
17.08.2022 09:04:10	Gathering generic database scoped configuration option
17.08.2022 09:04:10	Gathering users
17.08.2022 09:04:10	Gathering roles
17.08.2022 09:04:10	Gathering application roles
17.08.2022 09:04:10	Gathering role memberships
17.08.2022 09:04:10	Gathering filegroups
17.08.2022 09:04:10	Gathering files
17.08.2022 09:04:10	Gathering full-text catalogs
17.08.2022 09:04:10	Gathering assemblies
17.08.2022 09:04:10	Gathering certificates
17.08.2022 09:04:10	Gathering asymmetric keys
17.08.2022 09:04:10	Gathering symmetric keys
17.08.2022 09:04:10	Gathering encrypted symmetric keys
17.08.2022 09:04:10	Gathering database encryption keys
17.08.2022 09:04:10	Gathering schemas
17.08.2022 09:04:10	Gathering XML schema collections
17.08.2022 09:04:10	Gathering user-defined data types
17.08.2022 09:04:10	Gathering user-defined types
17.08.2022 09:04:10	Gathering table types
17.08.2022 09:04:10	Gathering unique keys for table types
17.08.2022 09:04:10	Gathering primary keys for table types
17.08.2022 09:04:10	Gathering indexes for table types
17.08.2022 09:04:10	Gathering check constraints for table types
17.08.2022 09:04:10	Gathering default constraints for table types
17.08.2022 09:04:10	Gathering partition functions
17.08.2022 09:04:10	Gathering partition schemes
17.08.2022 09:04:10	Gathering functions
17.08.2022 09:04:10	Gathering encrypted functions
17.08.2022 09:04:10	Gathering aggregates
17.08.2022 09:04:10	Gathering procedures
17.08.2022 09:04:10	Gathering encrypted procedures
17.08.2022 09:04:10	Gathering tables
17.08.2022 09:04:11	Gathering primary keys
17.08.2022 09:04:11	Gathering unique constraints
17.08.2022 09:04:11	Gathering foreign keys
17.08.2022 09:04:11	Gathering default constraints
17.08.2022 09:04:11	Gathering check constraints
17.08.2022 09:04:11	Gathering views
17.08.2022 09:04:11	Gathering encrypted views
17.08.2022 09:04:11	Gathering indexes
17.08.2022 09:04:11	Gathering statistics
17.08.2022 09:04:11	Gathering full-text index stoplists
17.08.2022 09:04:11	Gathering search property lists
17.08.2022 09:04:11	Gathering search properties
17.08.2022 09:04:11	Gathering full-text indexes
17.08.2022 09:04:11	Gathering column store indexes
17.08.2022 09:04:11	Gathering spatial indexes
17.08.2022 09:04:11	Gathering XML indexes
17.08.2022 09:04:11	Gathering Selective XML indexes
17.08.2022 09:04:11	Gathering encrypted triggers
17.08.2022 09:04:11	Gathering triggers
17.08.2022 09:04:11	Gathering encrypted and clr ddl triggers
17.08.2022 09:04:11	Gathering ddl triggers
17.08.2022 09:04:11	Creating edge constraints
17.08.2022 09:04:11	Gathering synonyms
17.08.2022 09:04:11	Gathering defaults
17.08.2022 09:04:11	Gathering data constraint uddt bindings
17.08.2022 09:04:11	Gathering rules
17.08.2022 09:04:11	Gathering data constraint uddt bindings
17.08.2022 09:04:11	Gathering message types
17.08.2022 09:04:11	Gathering queues
17.08.2022 09:04:11	Gathering contracts
17.08.2022 09:04:11	Gathering services
17.08.2022 09:04:11	Gathering routes
17.08.2022 09:04:11	Gathering event notifications
17.08.2022 09:04:11	Gathering remote service bindings
17.08.2022 09:04:11	Gathering broker priorities
17.08.2022 09:04:11	Gathering database audit specifications
17.08.2022 09:04:11	Gathering signatures
17.08.2022 09:04:11	Gathering data compression options
17.08.2022 09:04:11	Gathering sequence types
17.08.2022 09:04:11	Gathering security policies
17.08.2022 09:04:11	Gather column encryption keys
17.08.2022 09:04:11	Gathering column master keys
17.08.2022 09:04:11	Gathering external data sources
17.08.2022 09:04:11	Gathering external file formats
17.08.2022 09:04:11	Gathering external tables
17.08.2022 09:04:11	Gathering extended properties
17.08.2022 09:04:11	Gathering assemblies
17.08.2022 09:04:12	Scanning project for duplicate elements
17.08.2022 09:04:16	Finished duplicate element processing
17.08.2022 09:04:16	Finished importing database.
17.08.2022 09:04:16	A summary of the import was saved to the following location: C:\Users\leticijah\Desktop\Zadaca2\DataBaseScript\Import Schema Logs\DataBaseScript_20220817070401.log
17.08.2022 09:04:16	Click Finish to continue...
